[2019-07-19 14:56:24] request.CRITICAL: Uncaught PHP Exception RuntimeException: "Controller "Tests\Fixtures\ActionArgumentsBundle\Controller\NullableArgumentsController::withoutDefaultAction()" requires that you provide a value for the "$d" argument. Either the argument is nullable and no null value has been provided, no default value has been provided or because there is a non optional argument after this one." at /Users/snebes/Sites/SensioFrameworkExtraBundle/vendor/symfony/http-kernel/Controller/ArgumentResolver.php line 78 {"exception":"[object] (RuntimeException(code: 0): Controller \"Tests\\Fixtures\\ActionArgumentsBundle\\Controller\\NullableArgumentsController::withoutDefaultAction()\" requires that you provide a value for the \"$d\" argument. Either the argument is nullable and no null value has been provided, no default value has been provided or because there is a non optional argument after this one. at /Users/snebes/Sites/SensioFrameworkExtraBundle/vendor/symfony/http-kernel/Controller/ArgumentResolver.php:78)"} []
[2019-07-19 14:59:10] request.CRITICAL: Uncaught PHP Exception RuntimeException: "Controller "Tests\Fixtures\ActionArgumentsBundle\Controller\NullableArgumentsController::withoutDefaultAction()" requires that you provide a value for the "$d" argument. Either the argument is nullable and no null value has been provided, no default value has been provided or because there is a non optional argument after this one." at /Users/snebes/Sites/SensioFrameworkExtraBundle/vendor/symfony/http-kernel/Controller/ArgumentResolver.php line 78 {"exception":"[object] (RuntimeException(code: 0): Controller \"Tests\\Fixtures\\ActionArgumentsBundle\\Controller\\NullableArgumentsController::withoutDefaultAction()\" requires that you provide a value for the \"$d\" argument. Either the argument is nullable and no null value has been provided, no default value has been provided or because there is a non optional argument after this one. at /Users/snebes/Sites/SensioFrameworkExtraBundle/vendor/symfony/http-kernel/Controller/ArgumentResolver.php:78)"} []
[2019-07-19 15:00:55] request.CRITICAL: Uncaught PHP Exception RuntimeException: "Controller "Tests\Fixtures\ActionArgumentsBundle\Controller\NullableArgumentsController::withoutDefaultAction()" requires that you provide a value for the "$d" argument. Either the argument is nullable and no null value has been provided, no default value has been provided or because there is a non optional argument after this one." at /Users/snebes/Sites/SensioFrameworkExtraBundle/vendor/symfony/http-kernel/Controller/ArgumentResolver.php line 78 {"exception":"[object] (RuntimeException(code: 0): Controller \"Tests\\Fixtures\\ActionArgumentsBundle\\Controller\\NullableArgumentsController::withoutDefaultAction()\" requires that you provide a value for the \"$d\" argument. Either the argument is nullable and no null value has been provided, no default value has been provided or because there is a non optional argument after this one. at /Users/snebes/Sites/SensioFrameworkExtraBundle/vendor/symfony/http-kernel/Controller/ArgumentResolver.php:78)"} []
[2019-07-19 15:01:02] request.CRITICAL: Uncaught PHP Exception RuntimeException: "Controller "Tests\Fixtures\ActionArgumentsBundle\Controller\NullableArgumentsController::withoutDefaultAction()" requires that you provide a value for the "$d" argument. Either the argument is nullable and no null value has been provided, no default value has been provided or because there is a non optional argument after this one." at /Users/snebes/Sites/SensioFrameworkExtraBundle/vendor/symfony/http-kernel/Controller/ArgumentResolver.php line 78 {"exception":"[object] (RuntimeException(code: 0): Controller \"Tests\\Fixtures\\ActionArgumentsBundle\\Controller\\NullableArgumentsController::withoutDefaultAction()\" requires that you provide a value for the \"$d\" argument. Either the argument is nullable and no null value has been provided, no default value has been provided or because there is a non optional argument after this one. at /Users/snebes/Sites/SensioFrameworkExtraBundle/vendor/symfony/http-kernel/Controller/ArgumentResolver.php:78)"} []
[2019-07-19 15:02:08] request.CRITICAL: Uncaught PHP Exception RuntimeException: "Controller "Tests\Fixtures\ActionArgumentsBundle\Controller\NullableArgumentsController::withoutDefaultAction()" requires that you provide a value for the "$d" argument. Either the argument is nullable and no null value has been provided, no default value has been provided or because there is a non optional argument after this one." at /Users/snebes/Sites/SensioFrameworkExtraBundle/vendor/symfony/http-kernel/Controller/ArgumentResolver.php line 78 {"exception":"[object] (RuntimeException(code: 0): Controller \"Tests\\Fixtures\\ActionArgumentsBundle\\Controller\\NullableArgumentsController::withoutDefaultAction()\" requires that you provide a value for the \"$d\" argument. Either the argument is nullable and no null value has been provided, no default value has been provided or because there is a non optional argument after this one. at /Users/snebes/Sites/SensioFrameworkExtraBundle/vendor/symfony/http-kernel/Controller/ArgumentResolver.php:78)"} []
[2019-07-19 15:02:33] request.CRITICAL: Uncaught PHP Exception RuntimeException: "Controller "Tests\Fixtures\ActionArgumentsBundle\Controller\NullableArgumentsController::withoutDefaultAction()" requires that you provide a value for the "$d" argument. Either the argument is nullable and no null value has been provided, no default value has been provided or because there is a non optional argument after this one." at /Users/snebes/Sites/SensioFrameworkExtraBundle/vendor/symfony/http-kernel/Controller/ArgumentResolver.php line 78 {"exception":"[object] (RuntimeException(code: 0): Controller \"Tests\\Fixtures\\ActionArgumentsBundle\\Controller\\NullableArgumentsController::withoutDefaultAction()\" requires that you provide a value for the \"$d\" argument. Either the argument is nullable and no null value has been provided, no default value has been provided or because there is a non optional argument after this one. at /Users/snebes/Sites/SensioFrameworkExtraBundle/vendor/symfony/http-kernel/Controller/ArgumentResolver.php:78)"} []
[2019-07-19 15:04:16] request.CRITICAL: Uncaught PHP Exception RuntimeException: "Controller "Tests\Fixtures\ActionArgumentsBundle\Controller\NullableArgumentsController::withoutDefaultAction()" requires that you provide a value for the "$d" argument. Either the argument is nullable and no null value has been provided, no default value has been provided or because there is a non optional argument after this one." at /Users/snebes/Sites/SensioFrameworkExtraBundle/vendor/symfony/http-kernel/Controller/ArgumentResolver.php line 78 {"exception":"[object] (RuntimeException(code: 0): Controller \"Tests\\Fixtures\\ActionArgumentsBundle\\Controller\\NullableArgumentsController::withoutDefaultAction()\" requires that you provide a value for the \"$d\" argument. Either the argument is nullable and no null value has been provided, no default value has been provided or because there is a non optional argument after this one. at /Users/snebes/Sites/SensioFrameworkExtraBundle/vendor/symfony/http-kernel/Controller/ArgumentResolver.php:78)"} []
[2019-07-19 15:06:14] request.CRITICAL: Uncaught PHP Exception RuntimeException: "Controller "Tests\Fixtures\ActionArgumentsBundle\Controller\NullableArgumentsController::withoutDefaultAction()" requires that you provide a value for the "$d" argument. Either the argument is nullable and no null value has been provided, no default value has been provided or because there is a non optional argument after this one." at /Users/snebes/Sites/SensioFrameworkExtraBundle/vendor/symfony/http-kernel/Controller/ArgumentResolver.php line 78 {"exception":"[object] (RuntimeException(code: 0): Controller \"Tests\\Fixtures\\ActionArgumentsBundle\\Controller\\NullableArgumentsController::withoutDefaultAction()\" requires that you provide a value for the \"$d\" argument. Either the argument is nullable and no null value has been provided, no default value has been provided or because there is a non optional argument after this one. at /Users/snebes/Sites/SensioFrameworkExtraBundle/vendor/symfony/http-kernel/Controller/ArgumentResolver.php:78)"} []
[2019-07-19 15:06:51] request.CRITICAL: Uncaught PHP Exception RuntimeException: "Controller "Tests\Fixtures\ActionArgumentsBundle\Controller\NullableArgumentsController::withoutDefaultAction()" requires that you provide a value for the "$d" argument. Either the argument is nullable and no null value has been provided, no default value has been provided or because there is a non optional argument after this one." at /Users/snebes/Sites/SensioFrameworkExtraBundle/vendor/symfony/http-kernel/Controller/ArgumentResolver.php line 78 {"exception":"[object] (RuntimeException(code: 0): Controller \"Tests\\Fixtures\\ActionArgumentsBundle\\Controller\\NullableArgumentsController::withoutDefaultAction()\" requires that you provide a value for the \"$d\" argument. Either the argument is nullable and no null value has been provided, no default value has been provided or because there is a non optional argument after this one. at /Users/snebes/Sites/SensioFrameworkExtraBundle/vendor/symfony/http-kernel/Controller/ArgumentResolver.php:78)"} []
[2019-07-19 15:08:48] request.CRITICAL: Uncaught PHP Exception RuntimeException: "Controller "Tests\Fixtures\ActionArgumentsBundle\Controller\NullableArgumentsController::withoutDefaultAction()" requires that you provide a value for the "$d" argument. Either the argument is nullable and no null value has been provided, no default value has been provided or because there is a non optional argument after this one." at /Users/snebes/Sites/SensioFrameworkExtraBundle/vendor/symfony/http-kernel/Controller/ArgumentResolver.php line 78 {"exception":"[object] (RuntimeException(code: 0): Controller \"Tests\\Fixtures\\ActionArgumentsBundle\\Controller\\NullableArgumentsController::withoutDefaultAction()\" requires that you provide a value for the \"$d\" argument. Either the argument is nullable and no null value has been provided, no default value has been provided or because there is a non optional argument after this one. at /Users/snebes/Sites/SensioFrameworkExtraBundle/vendor/symfony/http-kernel/Controller/ArgumentResolver.php:78)"} []
[2019-07-19 15:09:20] request.CRITICAL: Uncaught PHP Exception RuntimeException: "Controller "Tests\Fixtures\ActionArgumentsBundle\Controller\NullableArgumentsController::withoutDefaultAction()" requires that you provide a value for the "$d" argument. Either the argument is nullable and no null value has been provided, no default value has been provided or because there is a non optional argument after this one." at /Users/snebes/Sites/SensioFrameworkExtraBundle/vendor/symfony/http-kernel/Controller/ArgumentResolver.php line 78 {"exception":"[object] (RuntimeException(code: 0): Controller \"Tests\\Fixtures\\ActionArgumentsBundle\\Controller\\NullableArgumentsController::withoutDefaultAction()\" requires that you provide a value for the \"$d\" argument. Either the argument is nullable and no null value has been provided, no default value has been provided or because there is a non optional argument after this one. at /Users/snebes/Sites/SensioFrameworkExtraBundle/vendor/symfony/http-kernel/Controller/ArgumentResolver.php:78)"} []
[2019-07-19 15:09:44] request.CRITICAL: Uncaught PHP Exception RuntimeException: "Controller "Tests\Fixtures\ActionArgumentsBundle\Controller\NullableArgumentsController::withoutDefaultAction()" requires that you provide a value for the "$d" argument. Either the argument is nullable and no null value has been provided, no default value has been provided or because there is a non optional argument after this one." at /Users/snebes/Sites/SensioFrameworkExtraBundle/vendor/symfony/http-kernel/Controller/ArgumentResolver.php line 78 {"exception":"[object] (RuntimeException(code: 0): Controller \"Tests\\Fixtures\\ActionArgumentsBundle\\Controller\\NullableArgumentsController::withoutDefaultAction()\" requires that you provide a value for the \"$d\" argument. Either the argument is nullable and no null value has been provided, no default value has been provided or because there is a non optional argument after this one. at /Users/snebes/Sites/SensioFrameworkExtraBundle/vendor/symfony/http-kernel/Controller/ArgumentResolver.php:78)"} []
[2019-07-19 15:11:36] request.CRITICAL: Uncaught PHP Exception RuntimeException: "Controller "Tests\Fixtures\ActionArgumentsBundle\Controller\NullableArgumentsController::withoutDefaultAction()" requires that you provide a value for the "$d" argument. Either the argument is nullable and no null value has been provided, no default value has been provided or because there is a non optional argument after this one." at /Users/snebes/Sites/SensioFrameworkExtraBundle/vendor/symfony/http-kernel/Controller/ArgumentResolver.php line 78 {"exception":"[object] (RuntimeException(code: 0): Controller \"Tests\\Fixtures\\ActionArgumentsBundle\\Controller\\NullableArgumentsController::withoutDefaultAction()\" requires that you provide a value for the \"$d\" argument. Either the argument is nullable and no null value has been provided, no default value has been provided or because there is a non optional argument after this one. at /Users/snebes/Sites/SensioFrameworkExtraBundle/vendor/symfony/http-kernel/Controller/ArgumentResolver.php:78)"} []
